<?xml version="1.0" encoding="UTF-8"?>
<testng-results skipped="0" failed="0" ignored="0" total="0" passed="0">
  <reporter-output>
  </reporter-output>
  <suite name="org.example.runners.TestRunner" duration-ms="334" started-at="2022-05-19T12:26:54 EET" finished-at="2022-05-19T12:26:55 EET">
    <groups>
      <group name="cucumber">
        <method signature="AbstractTestNGCucumberTests.runScenario(io.cucumber.testng.PickleWrapper,io.cucumber.testng.FeatureWrapper)[pri:0, instance:org.example.runners.TestRunner@307f6b8c]" name="runScenario" class="io.cucumber.testng.AbstractTestNGCucumberTests"/>
      </group> <!-- cucumber -->
    </groups>
    <test name="Command line test" duration-ms="334" started-at="2022-05-19T12:26:54 EET" finished-at="2022-05-19T12:26:55 EET">
      <class name="org.example.runners.TestRunner">
        <test-method status="PASS" signature="setUpClass(org.testng.ITestContext)[pri:0, instance:org.example.runners.TestRunner@307f6b8c]" name="setUpClass" is-config="true" duration-ms="276" started-at="2022-05-19T12:26:54 EET" finished-at="2022-05-19T12:26:55 EET">
          <params>
            <param index="0">
              <value>
                <![CDATA[org.testng.TestRunner@4567f35d]]>
              </value>
            </param>
          </params>
          <reporter-output>
          </reporter-output>
        </test-method> <!-- setUpClass -->
        <test-method status="PASS" signature="tearDownClass()[pri:0, instance:org.example.runners.TestRunner@307f6b8c]" name="tearDownClass" is-config="true" duration-ms="13" started-at="2022-05-19T12:26:55 EET" finished-at="2022-05-19T12:26:55 EET">
          <reporter-output>
          </reporter-output>
        </test-method> <!-- tearDownClass -->
      </class> <!-- org.example.runners.TestRunner -->
    </test> <!-- Command line test -->
  </suite> <!-- org.example.runners.TestRunner -->
</testng-results>
